<?xml version="1.0" encoding="UTF-8"?>
<testsuite name="org.katawraper.utils.WraperTest" tests="4" skipped="0" failures="0" errors="0" timestamp="2023-03-15T10:54:23" hostname="DESKTOP-AUO9ALU" time="0.057">
  <properties/>
  <testcase name="give_negative_column_number_or_equal_to_zero_return_throw()" classname="org.katawraper.utils.WraperTest" time="0.034"/>
  <testcase name="give_empty_string_return_0()" classname="org.katawraper.utils.WraperTest" time="0.003"/>
  <testcase name="give_correct_string_and_correct_number_return_string_with_correct_line_breaks()" classname="org.katawraper.utils.WraperTest" time="0.013"/>
  <testcase name="give_largest_column_number_than_string_length_return_same_string()" classname="org.katawraper.utils.WraperTest" time="0.002"/>
  <system-out><![CDATA[]]></system-out>
  <system-err><![CDATA[]]></system-err>
</testsuite>
